[debug] [2023-12-26T13:18:30.654Z] ----------------------------------------------------------------------
[debug] [2023-12-26T13:18:30.656Z] Command:       C:\Program Files\nodejs\node.exe C:\Users\WatarizZz\AppData\Roaming\npm\node_modules\firebase-tools\lib\bin\firebase.js init
[debug] [2023-12-26T13:18:30.656Z] CLI Version:   13.0.2
[debug] [2023-12-26T13:18:30.657Z] Platform:      win32
[debug] [2023-12-26T13:18:30.657Z] Node Version:  v21.1.0
[debug] [2023-12-26T13:18:30.657Z] Time:          Tue Dec 26 2023 14:18:30 GMT+0100 (heure normale d’Europe centrale)
[debug] [2023-12-26T13:18:30.657Z] ----------------------------------------------------------------------
[debug] 
[debug] [2023-12-26T13:18:30.664Z] > command requires scopes: ["email","openid","https://www.googleapis.com/auth/cloudplatformprojects.readonly","https://www.googleapis.com/auth/firebase","https://www.googleapis.com/auth/cloud-platform"]
[debug] [2023-12-26T13:18:30.664Z] > authorizing via signed-in user (powernovice25@gmail.com)
[info] 
     ######## #### ########  ######## ########     ###     ######  ########
     ##        ##  ##     ## ##       ##     ##  ##   ##  ##       ##
     ######    ##  ########  ######   ########  #########  ######  ######
     ##        ##  ##    ##  ##       ##     ## ##     ##       ## ##
     ##       #### ##     ## ######## ########  ##     ##  ######  ########

You're about to initialize a Firebase project in this directory:

  G:\Tuto+Myown\course2 firebase auth\thetuto\firebase-all

[info] 
=== Project Setup
[info] 
[info] First, let's associate this project directory with a Firebase project.
[info] You can create multiple project aliases by running firebase use --add, 
[info] but for now we'll just set up a default project.
[info] 
[debug] [2023-12-26T13:20:17.453Z] >>> [apiv2][query] GET https://firebase.googleapis.com/v1beta1/projects pageSize=100
[debug] [2023-12-26T13:20:18.039Z] <<< [apiv2][status] GET https://firebase.googleapis.com/v1beta1/projects 200
[debug] [2023-12-26T13:20:18.039Z] <<< [apiv2][body] GET https://firebase.googleapis.com/v1beta1/projects [omitted]
[info] i  Using project auth-course-db50d (auth-course) 
[info] 
=== Hosting Setup
[debug] [2023-12-26T13:20:22.782Z] >>> [apiv2][query] GET https://firebase.googleapis.com/v1beta1/projects/auth-course-db50d [none]
[debug] [2023-12-26T13:20:23.009Z] <<< [apiv2][status] GET https://firebase.googleapis.com/v1beta1/projects/auth-course-db50d 200
[debug] [2023-12-26T13:20:23.009Z] <<< [apiv2][body] GET https://firebase.googleapis.com/v1beta1/projects/auth-course-db50d {"projectId":"auth-course-db50d","projectNumber":"482553408029","displayName":"auth-course","name":"projects/auth-course-db50d","resources":{"hostingSite":"auth-course-db50d","storageBucket":"auth-course-db50d.appspot.com","locationId":"us-central"},"state":"ACTIVE","etag":"1_817d731b-399b-41ef-989c-e57bec1ce8a5"}
[info] 
[info] Your public directory is the folder (relative to your project directory) that
[info] will contain Hosting assets to be uploaded with firebase deploy. If you
[info] have a build process for your assets, use your build's output directory.
[info] 
[info] +  Wrote public/404.html 
[debug] [2023-12-26T13:21:51.957Z] >>> [apiv2][query] GET https://www.gstatic.com/firebasejs/releases.json [none]
[debug] [2023-12-26T13:21:52.111Z] <<< [apiv2][status] GET https://www.gstatic.com/firebasejs/releases.json 200
[debug] [2023-12-26T13:21:52.111Z] <<< [apiv2][body] GET https://www.gstatic.com/firebasejs/releases.json {"current":{"version":"10.7.1","browserURL":"https://www.gstatic.com/firebasejs/10.7.1/firebase.js","packageURL":"https://www.gstatic.com/firebasejs/10.7.1/firebase.tgz"},"live":{"version":"10.7","browserURL":"https://www.gstatic.com/firebasejs/live/10.7/firebase.js","packageURL":"https://www.gstatic.com/firebasejs/live/10.7/firebase.tgz"},"components":{"analytics":"https://www.gstatic.com/firebasejs/10.7.1/firebase-analytics.js","app":"https://www.gstatic.com/firebasejs/10.7.1/firebase-app.js","app-check":"https://www.gstatic.com/firebasejs/10.7.1/firebase-app-check.js","auth":"https://www.gstatic.com/firebasejs/10.7.1/firebase-auth.js","auth/cordova":"https://www.gstatic.com/firebasejs/10.7.1/firebase-auth/cordova.js","functions":"https://www.gstatic.com/firebasejs/10.7.1/firebase-functions.js","firestore":"https://www.gstatic.com/firebasejs/10.7.1/firebase-firestore.js","firestore/lite":"https://www.gstatic.com/firebasejs/10.7.1/firebase-firestore/lite.js","installations":"https://www.gstatic.com/firebasejs/10.7.1/firebase-installations.js","storage":"https://www.gstatic.com/firebasejs/10.7.1/firebase-storage.js","performance":"https://www.gstatic.com/firebasejs/10.7.1/firebase-performance.js","remote-config":"https://www.gstatic.com/firebasejs/10.7.1/firebase-remote-config.js","messaging":"https://www.gstatic.com/firebasejs/10.7.1/firebase-messaging.js","messaging/sw":"https://www.gstatic.com/firebasejs/10.7.1/firebase-messaging/sw.js","database":"https://www.gstatic.com/firebasejs/10.7.1/firebase-database.js","firestore.memory":"https://www.gstatic.com/firebasejs/10.7.1/firebase-firestore.memory.js"}}
[info] i  Skipping write of public/index.html 
[info] 
[info] i  Didn't detect a .git folder. Assuming G:\Tuto+Myown\course2 firebase auth\thetuto\firebase-all is the project root. 
[info] i  Authorizing with GitHub to upload your service account to a GitHub repository's secrets store. 
[info] 
[info] Visit this URL on this device to log in:
[info] https://github.com/login/oauth/authorize?client_id=89cf50f02ac6aaed3484&state=53800446&redirect_uri=http%3A%2F%2Flocalhost%3A9005&scope=read%3Auser%20repo%20public_repo
[info] 
[info] Waiting for authentication...
[debug] [2023-12-26T13:22:33.886Z] >>> [apiv2][query] POST https://github.com/login/oauth/access_token [none]
[debug] [2023-12-26T13:22:33.887Z] >>> [apiv2][body] POST https://github.com/login/oauth/access_token [stream]
[debug] [2023-12-26T13:22:34.211Z] <<< [apiv2][status] POST https://github.com/login/oauth/access_token 200
[debug] [2023-12-26T13:22:34.211Z] <<< [apiv2][body] POST https://github.com/login/oauth/access_token {"access_token":"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","token_type":"bearer","scope":"read:user,repo"}
[debug] [2023-12-26T13:22:34.215Z] >>> [apiv2][query] GET https://api.github.com/user [none]
[debug] [2023-12-26T13:22:34.545Z] <<< [apiv2][status] GET https://api.github.com/user 200
[debug] [2023-12-26T13:22:34.545Z] <<< [apiv2][body] GET https://api.github.com/user {"login":"WatarizZz-tests","id":120670228,"node_id":"U_kgDOBzFIFA","avatar_url":"https://avatars.githubusercontent.com/u/120670228?v=4","gravatar_id":"","url":"https://api.github.com/users/WatarizZz-tests","html_url":"https://github.com/WatarizZz-tests","followers_url":"https://api.github.com/users/WatarizZz-tests/followers","following_url":"https://api.github.com/users/WatarizZz-tests/following{/other_user}","gists_url":"https://api.github.com/users/WatarizZz-tests/gists{/gist_id}","starred_url":"https://api.github.com/users/WatarizZz-tests/starred{/owner}{/repo}","subscriptions_url":"https://api.github.com/users/WatarizZz-tests/subscriptions","organizations_url":"https://api.github.com/users/WatarizZz-tests/orgs","repos_url":"https://api.github.com/users/WatarizZz-tests/repos","events_url":"https://api.github.com/users/WatarizZz-tests/events{/privacy}","received_events_url":"https://api.github.com/users/WatarizZz-tests/received_events","type":"User","site_admin":false,"name":null,"company":null,"blog":"","location":null,"email":null,"hireable":null,"bio":null,"twitter_username":null,"public_repos":2,"public_gists":0,"followers":0,"following":0,"created_at":"2022-12-15T16:46:20Z","updated_at":"2023-12-05T10:28:53Z","private_gists":0,"total_private_repos":0,"owned_private_repos":0,"disk_usage":5,"collaborators":0,"two_factor_authentication":false,"plan":{"name":"free","space":976562499,"collaborators":0,"private_repos":10000}}
[info] 
[info] +  Success! Logged into GitHub as WatarizZz-tests 
[info] 
